1617281597409	geckodriver	INFO	Listening on 127.0.0.1:57540
1617281600480	mozrunner::runner	INFO	Running command: "C:\\Program Files\\Mozilla Firefox\\firefox.exe" "--marionette" "-foreground" "-no-remote" "-profile" "C:\\Users\\25867\\AppData\\Local\\Temp\\rust_mozprofileS07jhb"
console.warn: SearchSettings: "get: No settings file exists, new profile?" (new Error("", "(unknown module)"))
1617281603656	Marionette	INFO	Listening on port 57548
1617281603821	Marionette	WARN	TLS certificate errors will be ignored for this session
1617281603925	Marionette	INFO	Stopped listening on port 57548
console.error: Region.jsm: "Error fetching region" (new TypeError("NetworkError when attempting to fetch resource.", ""))
console.error: Region.jsm: "Failed to fetch region" (new Error("NO_RESULT", "resource://gre/modules/Region.jsm", 419))

###!!! [Child][RunMessage] Error: Channel closing: too late to send/recv, messages will be lost

1617281655739	geckodriver	INFO	Listening on 127.0.0.1:57585
1617281658830	mozrunner::runner	INFO	Running command: "C:\\Program Files\\Mozilla Firefox\\firefox.exe" "--marionette" "-foreground" "-no-remote" "-profile" "C:\\Users\\25867\\AppData\\Local\\Temp\\rust_mozprofileIRNLHP"
console.warn: SearchSettings: "get: No settings file exists, new profile?" (new Error("", "(unknown module)"))
1617281660675	Marionette	INFO	Listening on port 57593
1617281660871	Marionette	WARN	TLS certificate errors will be ignored for this session
1617281997147	Marionette	INFO	Stopped listening on port 57593
7281808410	mozrunner::runner	INFO	Running command: "C:\\Program Files\\Mozilla Firefox\\firefox.exe" "--marionette" "-foreground" "-no-remote" "-profile" "C:\\Users\\25867\\AppData\\Local\\Temp\\rust_mozprofile6jZxHR"
console.warn: SearchSettings: "get: No settings file exists, new profile?" (new Error("", "(unknown module)"))
1617281810260	Marionette	INFO	Listening on port 57690
1617281810471	Marionette	WARN	TLS certificate errors will be ignored for this session
1617281997959	Marionette	INFO	Stopped listening on port 57690

###!!! [Child][RunMessage] Error: Channel closing: too late to send/recv, messages will be lost

1617948582936	geckodriver	INFO	Listening on 127.0.0.1:54154
1617948585994	mozrunner::runner	INFO	Running command: "C:\\Program Files\\Mozilla Firefox\\firefox.exe" "--marionette" "-foreground" "-no-remote" "-profile" "C:\\Users\\25867\\AppData\\Local\\Temp\\rust_mozprofileCJzmlk"
console.warn: SearchSettings: "get: No settings file exists, new profile?" (new Error("", "(unknown module)"))
1617948588691	Marionette	INFO	Listening on port 54164
1617948588783	Marionette	WARN	TLS certificate errors will be ignored for this session
1617948588859	Marionette	INFO	Stopped listening on port 54164
console.error: Region.jsm: "Error fetching region" (new TypeError("NetworkError when attempting to fetch resource.", ""))
console.error: Region.jsm: "Failed to fetch region" (new Error("NO_RESULT", "resource://gre/modules/Region.jsm", 419))

###!!! [Child][RunMessage] Error: Channel closing: too late to send/recv, messages will be lost

1618550370438	geckodriver	INFO	Listening on 127.0.0.1:55667
1618550373478	mozrunner::runner	INFO	Running command: "C:\\Program Files\\Mozilla Firefox\\firefox.exe" "--marionette" "-foreground" "-no-remote" "-profile" "C:\\Users\\25867\\AppData\\Local\\Temp\\rust_mozprofileMwDg2F"
console.warn: SearchSettings: "get: No settings file exists, new profile?" (new Error("", "(unknown module)"))
1618550375809	Marionette	INFO	Listening on port 55680
1618550376145	Marionette	WARN	TLS certificate errors will be ignored for this session
1618550376217	Marionette	INFO	Stopped listening on port 55680
console.error: Region.jsm: "Error fetching region" (new TypeError("NetworkError when attempting to fetch resource.", ""))
console.error: Region.jsm: "Failed to fetch region" (new Error("NO_RESULT", "resource://gre/modules/Region.jsm", 419))
console.error: services.settings: 
  main/fxmonitor-breaches Signature failed  TypeError: NetworkError when attempting to fetch resource.
console.error: services.settings: 
  main/message-groups Signature failed  TypeError: NetworkError when attempting to fetch resource.

###!!! [Child][RunMessage] Error: Channel closing: too late to send/recv, messages will be lost

1618551072989	geckodriver	INFO	Listening on 127.0.0.1:55935
1618551076059	mozrunner::runner	INFO	Running command: "C:\\Program Files\\Mozilla Firefox\\firefox.exe" "--marionette" "-foreground" "-no-remote" "-profile" "C:\\Users\\25867\\AppData\\Local\\Temp\\rust_mozprofileSHEbYk"
console.warn: SearchSettings: "get: No settings file exists, new profile?" (new Error("", "(unknown module)"))
1618551077879	Marionette	INFO	Listening on port 55944
1618551078090	Marionette	WARN	TLS certificate errors will be ignored for this session
1618551078185	Marionette	INFO	Stopped listening on port 55944
console.error: Region.jsm: "Error fetching region" (new TypeError("NetworkError when attempting to fetch resource.", ""))
console.error: Region.jsm: "Failed to fetch region" (new Error("NO_RESULT", "resource://gre/modules/Region.jsm", 419))
console.error: services.settings: 
  main/fxmonitor-breaches Signature failed  TypeError: NetworkError when attempting to fetch resource.
1619154807742	geckodriver	INFO	Listening on 127.0.0.1:53888
1619154810811	mozrunner::runner	INFO	Running command: "C:\\Program Files\\Mozilla Firefox\\firefox.exe" "--marionette" "-foreground" "-no-remote" "-profile" "C:\\Users\\25867\\AppData\\Local\\Temp\\rust_mozprofile66Hczb"
console.warn: SearchSettings: "get: No settings file exists, new profile?" (new Error("", "(unknown module)"))
1619154813127	Marionette	INFO	Listening on port 53896
1619154813551	Marionette	WARN	TLS certificate errors will be ignored for this session
JavaScript error: resource://gre/actors/AutoCompleteChild.jsm, line 125: Error: Invalid autocomplete selectedIndex
1619154814673	Marionette	INFO	Stopped listening on port 53896
[Parent 11400, IPC I/O Parent] WARNING: file /builds/worker/checkouts/gecko/ipc/chromium/src/base/process_util_win.cc:167

###!!! [Child][RunMessage] Error: Channel closing: too late to send/recv, messages will be lost

1619154985364	geckodriver	INFO	Listening on 127.0.0.1:49617
1619154988449	mozrunner::runner	INFO	Running command: "C:\\Program Files\\Mozilla Firefox\\firefox.exe" "--marionette" "-foreground" "-no-remote" "-profile" "C:\\Users\\25867\\AppData\\Local\\Temp\\rust_mozprofileZYjj6c"
console.warn: SearchSettings: "get: No settings file exists, new profile?" (new Error("", "(unknown module)"))
1619154990287	Marionette	INFO	Listening on port 49626
1619154990486	Marionette	WARN	TLS certificate errors will be ignored for this session
JavaScript error: resource://gre/actors/AutoCompleteChild.jsm, line 125: Error: Invalid autocomplete selectedIndex
1619154991593	Marionette	INFO	Stopped listening on port 49626
[Parent 15320, IPC I/O Parent] WARNING: file /builds/worker/checkouts/gecko/ipc/chromium/src/base/process_util_win.cc:167

###!!! [Child][RunMessage] Error: Channel closing: too late to send/recv, messages will be lost

1619155037131	geckodriver	INFO	Listening on 127.0.0.1:49706
1619155040204	mozrunner::runner	INFO	Running command: "C:\\Program Files\\Mozilla Firefox\\firefox.exe" "--marionette" "-foreground" "-no-remote" "-profile" "C:\\Users\\25867\\AppData\\Local\\Temp\\rust_mozprofile4cUlOh"
console.warn: SearchSettings: "get: No settings file exists, new profile?" (new Error("", "(unknown module)"))
1619155041934	Marionette	INFO	Listening on port 49720
1619155042251	Marionette	WARN	TLS certificate errors will be ignored for this session
JavaScript error: resource://gre/actors/AutoCompleteChild.jsm, line 125: Error: Invalid autocomplete selectedIndex
1619155043377	Marionette	INFO	Stopped listening on port 49720

###!!! [Child][RunMessage] Error: Channel closing: too late to send/recv, messages will be lost

1619155256460	geckodriver	INFO	Listening on 127.0.0.1:49997
1619155259536	mozrunner::runner	INFO	Running command: "C:\\Program Files\\Mozilla Firefox\\firefox.exe" "--marionette" "-foreground" "-no-remote" "-profile" "C:\\Users\\25867\\AppData\\Local\\Temp\\rust_mozprofile8qtEBa"
console.warn: SearchSettings: "get: No settings file exists, new profile?" (new Error("", "(unknown module)"))
1619155261437	Marionette	INFO	Listening on port 50006
1619155261581	Marionette	WARN	TLS certificate errors will be ignored for this session
JavaScript error: resource://gre/actors/AutoCompleteChild.jsm, line 125: Error: Invalid autocomplete selectedIndex
1619155262721	Marionette	INFO	Stopped listening on port 50006

###!!! [Child][RunMessage] Error: Channel closing: too late to send/recv, messages will be lost

1619155628274	geckodriver	INFO	Listening on 127.0.0.1:49632
1619155631339	mozrunner::runner	INFO	Running command: "C:\\Program Files\\Mozilla Firefox\\firefox.exe" "--marionette" "-foreground" "-no-remote" "-profile" "C:\\Users\\25867\\AppData\\Local\\Temp\\rust_mozprofilebp6tfm"
console.warn: SearchSettings: "get: No settings file exists, new profile?" (new Error("", "(unknown module)"))
1619155633537	Marionette	INFO	Listening on port 49640
1619155634003	Marionette	WARN	TLS certificate errors will be ignored for this session
JavaScript error: resource://gre/actors/AutoCompleteChild.jsm, line 125: Error: Invalid autocomplete selectedIndex
1619155644123	Marionette	INFO	Stopped listening on port 49640

###!!! [Child][RunMessage] Error: Channel closing: too late to send/recv, messages will be lost

1619157192187	geckodriver	INFO	Listening on 127.0.0.1:54908
1619157195229	mozrunner::runner	INFO	Running command: "C:\\Program Files\\Mozilla Firefox\\firefox.exe" "--marionette" "-foreground" "-no-remote" "-profile" "C:\\Users\\25867\\AppData\\Local\\Temp\\rust_mozprofileDKW1hv"
console.warn: SearchSettings: "get: No settings file exists, new profile?" (new Error("", "(unknown module)"))
1619157197192	Marionette	INFO	Listening on port 54916
1619157197283	Marionette	WARN	TLS certificate errors will be ignored for this session
JavaScript error: resource://gre/actors/AutoCompleteChild.jsm, line 125: Error: Invalid autocomplete selectedIndex
1619157198430	Marionette	INFO	Stopped listening on port 54916
[Parent 12568, IPC I/O Parent] WARNING: file /builds/worker/checkouts/gecko/ipc/chromium/src/base/process_util_win.cc:167

###!!! [Child][RunMessage] Error: Channel closing: too late to send/recv, messages will be lost

1619157359289	geckodriver	INFO	Listening on 127.0.0.1:54995
1619157362384	mozrunner::runner	INFO	Running command: "C:\\Program Files\\Mozilla Firefox\\firefox.exe" "--marionette" "-foreground" "-no-remote" "-profile" "C:\\Users\\25867\\AppData\\Local\\Temp\\rust_mozprofileAIfxMo"
console.warn: SearchSettings: "get: No settings file exists, new profile?" (new Error("", "(unknown module)"))
1619157364221	Marionette	INFO	Listening on port 55003
1619157364442	Marionette	WARN	TLS certificate errors will be ignored for this session
JavaScript error: resource://gre/actors/AutoCompleteChild.jsm, line 125: Error: Invalid autocomplete selectedIndex
1619157365584	Marionette	INFO	Stopped listening on port 55003
[Parent 22888, IPC I/O Parent] WARNING: file /builds/worker/checkouts/gecko/ipc/chromium/src/base/process_util_win.cc:167

###!!! [Child][RunMessage] Error: Channel closing: too late to send/recv, messages will be lost

1619158231464	geckodriver	INFO	Listening on 127.0.0.1:55326
1619158234525	mozrunner::runner	INFO	Running command: "C:\\Program Files\\Mozilla Firefox\\firefox.exe" "--marionette" "-foreground" "-no-remote" "-profile" "C:\\Users\\25867\\AppData\\Local\\Temp\\rust_mozprofilevtrLCy"
console.warn: SearchSettings: "get: No settings file exists, new profile?" (new Error("", "(unknown module)"))
1619158236410	Marionette	INFO	Listening on port 55334
1619158236575	Marionette	WARN	TLS certificate errors will be ignored for this session
JavaScript error: resource://gre/actors/AutoCompleteChild.jsm, line 125: Error: Invalid autocomplete selectedIndex
1619158237705	Marionette	INFO	Stopped listening on port 55334
console.error: Region.jsm: "Error fetching region" (new TypeError("NetworkError when attempting to fetch resource.", ""))
console.error: Region.jsm: "Failed to fetch region" (new Error("NO_RESULT", "resource://gre/modules/Region.jsm", 419))
console.error: services.settings: 
  main/partitioning-exempt-urls Signature failed  TypeError: NetworkError when attempting to fetch resource.
console.error: services.settings: 
  main/fxmonitor-breaches Signature failed  TypeError: NetworkError when attempting to fetch resource.
console.error: services.settings: 
  main/message-groups Signature failed  TypeError: NetworkError when attempting to fetch resource.

###!!! [Child][RunMessage] Error: Channel closing: too late to send/recv, messages will be lost

1619158399087	geckodriver	INFO	Listening on 127.0.0.1:55413
1619158402147	mozrunner::runner	INFO	Running command: "C:\\Program Files\\Mozilla Firefox\\firefox.exe" "--marionette" "-foreground" "-no-remote" "-profile" "C:\\Users\\25867\\AppData\\Local\\Temp\\rust_mozprofilem0kmaD"
console.warn: SearchSettings: "get: No settings file exists, new profile?" (new Error("", "(unknown module)"))
1619158403915	Marionette	INFO	Listening on port 55421
1619158404200	Marionette	WARN	TLS certificate errors will be ignored for this session
JavaScript error: resource://gre/actors/AutoCompleteChild.jsm, line 125: Error: Invalid autocomplete selectedIndex
1619158405332	Marionette	INFO	Stopped listening on port 55421
[Parent 15500, IPC I/O Parent] WARNING: file /builds/worker/checkouts/gecko/ipc/chromium/src/base/process_util_win.cc:167

###!!! [Child][RunMessage] Error: Channel closing: too late to send/recv, messages will be lost

1619158420855	geckodriver	INFO	Listening on 127.0.0.1:55484
1619158423931	mozrunner::runner	INFO	Running command: "C:\\Program Files\\Mozilla Firefox\\firefox.exe" "--marionette" "-foreground" "-no-remote" "-profile" "C:\\Users\\25867\\AppData\\Local\\Temp\\rust_mozprofilehpIGrl"
console.warn: SearchSettings: "get: No settings file exists, new profile?" (new Error("", "(unknown module)"))
1619158425809	Marionette	INFO	Listening on port 55495
1619158426030	Marionette	WARN	TLS certificate errors will be ignored for this session
JavaScript error: resource://gre/actors/AutoCompleteChild.jsm, line 125: Error: Invalid autocomplete selectedIndex
1619158427168	Marionette	INFO	Stopped listening on port 55495
console.error: services.settings: 
  main/fxmonitor-breaches Signature failed  TypeError: NetworkError when attempting to fetch resource.

###!!! [Child][RunMessage] Error: Channel closing: too late to send/recv, messages will be lost

1619158654720	geckodriver	INFO	Listening on 127.0.0.1:64930
1619158657779	mozrunner::runner	INFO	Running command: "C:\\Program Files\\Mozilla Firefox\\firefox.exe" "--marionette" "-foreground" "-no-remote" "-profile" "C:\\Users\\25867\\AppData\\Local\\Temp\\rust_mozprofile7ue61c"
console.warn: SearchSettings: "get: No settings file exists, new profile?" (new Error("", "(unknown module)"))
1619158659523	Marionette	INFO	Listening on port 64941
1619158659848	Marionette	WARN	TLS certificate errors will be ignored for this session
JavaScript error: resource://gre/actors/AutoCompleteChild.jsm, line 125: Error: Invalid autocomplete selectedIndex
1619158660970	Marionette	INFO	Stopped listening on port 64941
console.error: Region.jsm: "Error fetching region" (new TypeError("NetworkError when attempting to fetch resource.", ""))
console.error: Region.jsm: "Failed to fetch region" (new Error("NO_RESULT", "resource://gre/modules/Region.jsm", 419))
[Parent 21488, IPC I/O Parent] WARNING: file /builds/worker/checkouts/gecko/ipc/chromium/src/base/process_util_win.cc:167
